[2025-01-14T00:45:24.945Z] Starting scraper...
[2025-01-14T00:45:26.233Z] IP Address: 152.58.152.24
[2025-01-14T00:45:26.235Z] Initializing Chrome...
[2025-01-14T00:45:27.115Z] Chrome initialized successfully
[2025-01-14T00:45:27.122Z] Navigating to Twitter login page...
[2025-01-14T00:45:44.285Z] Login page loaded
[2025-01-14T00:45:44.295Z] Attempting to find username field...
[2025-01-14T00:45:44.320Z] Username field found
[2025-01-14T00:45:44.321Z] Entering username...
[2025-01-14T00:45:45.532Z] Looking for Next button...
[2025-01-14T00:45:47.810Z] Clicked Next button
[2025-01-14T00:45:47.812Z] Looking for password field...
[2025-01-14T00:45:47.872Z] Password field found
[2025-01-14T00:45:47.879Z] Entering password...
[2025-01-14T00:45:49.080Z] Looking for Login button...
[2025-01-14T00:45:54.254Z] Clicked Login button
[2025-01-14T00:45:54.255Z] Navigating to explore page...
[2025-01-14T00:46:15.939Z] Explore page loaded
[2025-01-14T00:46:15.942Z] Searching for trending topics...
[2025-01-14T00:46:36.244Z] Fatal error in scraper
[2025-01-14T00:46:36.244Z] ERROR: TimeoutError: Waiting for at least one element to be located By(css selector, [data-testid="trend"])
Wait timed out after 20300ms
    at C:\Users\immo\OneDrive\Desktop\Project\x-trends\node_modules\selenium-webdriver\lib\webdriver.js:928:22
    at process.processTicksAndRejections (node:internal/process/task_queues:95:5)
[2025-01-14T00:46:36.479Z] Error screenshot saved
[2025-01-14T00:46:36.513Z] Error page source saved
[2025-01-14T00:46:36.515Z] Closing browser...
[2025-01-14T00:46:36.635Z] Browser closed successfully
[2025-01-14T00:54:26.594Z] Starting scraper...
[2025-01-14T00:54:27.797Z] IP Address: 152.58.152.24
[2025-01-14T00:54:27.799Z] Initializing Chrome...
[2025-01-14T00:54:28.807Z] Chrome initialized successfully
[2025-01-14T00:54:28.809Z] Adding stealth scripts...
[2025-01-14T00:54:28.915Z] Navigating to Twitter login page...
[2025-01-14T00:54:39.873Z] Waiting for page load completion...
[2025-01-14T00:54:39.891Z] Page fully loaded
[2025-01-14T00:54:44.307Z] Login page loaded
[2025-01-14T00:54:44.308Z] Attempting to find username field...
[2025-01-14T00:54:44.334Z] Username field found
[2025-01-14T00:54:44.336Z] Entering username...
[2025-01-14T00:54:46.265Z] Looking for Next button...
[2025-01-14T00:54:49.089Z] Clicked Next button
[2025-01-14T00:54:49.092Z] Looking for password field...
[2025-01-14T00:54:49.113Z] Password field found
[2025-01-14T00:54:49.115Z] Entering password...
[2025-01-14T00:54:50.825Z] Looking for Login button...
[2025-01-14T00:54:56.115Z] Clicked Login button
[2025-01-14T00:54:56.118Z] Verifying login status...
[2025-01-14T00:55:02.322Z] Login verified successfully
[2025-01-14T00:55:02.324Z] Navigating to explore page...
[2025-01-14T00:55:03.769Z] Waiting for page load completion...
[2025-01-14T00:55:04.279Z] Page fully loaded
[2025-01-14T00:55:12.176Z] Explore page loaded
[2025-01-14T00:55:12.179Z] Searching for trending topics...
[2025-01-14T00:55:12.181Z] Trying selector: [data-testid="trend"]
[2025-01-14T00:55:22.191Z] Selector [data-testid="trend"] failed
[2025-01-14T00:55:22.191Z] ERROR: TimeoutError: Waiting for at least one element to be located By(css selector, [data-testid="trend"])
Wait timed out after 10009ms
    at C:\Users\immo\OneDrive\Desktop\Project\x-trends\node_modules\selenium-webdriver\lib\webdriver.js:928:22
    at process.processTicksAndRejections (node:internal/process/task_queues:95:5)
[2025-01-14T00:55:22.242Z] Trying selector: [data-testid="trending"]
[2025-01-14T00:55:32.267Z] Selector [data-testid="trending"] failed
[2025-01-14T00:55:32.267Z] ERROR: TimeoutError: Waiting for at least one element to be located By(css selector, [data-testid="trending"])
Wait timed out after 10023ms
    at C:\Users\immo\OneDrive\Desktop\Project\x-trends\node_modules\selenium-webdriver\lib\webdriver.js:928:22
    at process.processTicksAndRejections (node:internal/process/task_queues:95:5)
[2025-01-14T00:55:32.271Z] Trying selector: article[role="article"]
[2025-01-14T00:55:42.280Z] Selector article[role="article"] failed
[2025-01-14T00:55:42.280Z] ERROR: TimeoutError: Waiting for at least one element to be located By(css selector, article[role="article"])
Wait timed out after 10008ms
    at C:\Users\immo\OneDrive\Desktop\Project\x-trends\node_modules\selenium-webdriver\lib\webdriver.js:928:22
    at process.processTicksAndRejections (node:internal/process/task_queues:95:5)
[2025-01-14T00:55:42.284Z] Trying selector: [data-testid="cellInnerDiv"]
[2025-01-14T00:55:52.352Z] Selector [data-testid="cellInnerDiv"] failed
[2025-01-14T00:55:52.352Z] ERROR: TimeoutError: Waiting for at least one element to be located By(css selector, [data-testid="cellInnerDiv"])
Wait timed out after 10066ms
    at C:\Users\immo\OneDrive\Desktop\Project\x-trends\node_modules\selenium-webdriver\lib\webdriver.js:928:22
    at process.processTicksAndRejections (node:internal/process/task_queues:95:5)
[2025-01-14T00:55:52.356Z] Fatal error in scraper
[2025-01-14T00:55:52.356Z] ERROR: Error: Could not find trending topics with any selector
    at scrapeTrends (C:\Users\immo\OneDrive\Desktop\Project\x-trends\scraper.js:205:19)
    at async C:\Users\immo\OneDrive\Desktop\Project\x-trends\server.js:49:27
[2025-01-14T00:55:52.566Z] Error screenshot saved as error-screenshot-1736816152563.png
[2025-01-14T00:55:52.604Z] Error page source saved as error-page-1736816152599.html
[2025-01-14T00:55:52.606Z] Closing browser...
[2025-01-14T00:55:52.712Z] Browser closed successfully
[2025-01-14T01:04:25.044Z] Starting scraper...
[2025-01-14T01:04:26.099Z] IP Address: 152.58.152.24
[2025-01-14T01:04:26.101Z] Initializing Chrome...
[2025-01-14T01:04:27.061Z] Chrome initialized successfully
[2025-01-14T01:04:27.064Z] Adding stealth scripts...
[2025-01-14T01:04:27.147Z] Navigating to Twitter login page...
[2025-01-14T01:04:38.578Z] Waiting for page load completion...
[2025-01-14T01:04:38.597Z] Page fully loaded
[2025-01-14T01:04:41.805Z] Login page loaded
[2025-01-14T01:04:41.808Z] Attempting to find username field...
[2025-01-14T01:04:41.855Z] Username field found
[2025-01-14T01:04:41.857Z] Entering username...
[2025-01-14T01:04:44.076Z] Looking for Next button...
[2025-01-14T01:04:47.550Z] Clicked Next button
[2025-01-14T01:04:47.553Z] Looking for password field...
[2025-01-14T01:04:47.574Z] Password field found
[2025-01-14T01:04:47.576Z] Entering password...
[2025-01-14T01:04:48.859Z] Looking for Login button...
[2025-01-14T01:04:54.776Z] Clicked Login button
[2025-01-14T01:04:54.779Z] Verifying login status...
[2025-01-14T01:05:05.030Z] Login verified successfully
[2025-01-14T01:05:05.032Z] Navigating to explore page...
[2025-01-14T01:05:07.107Z] Waiting for page load completion...
[2025-01-14T01:05:07.596Z] Page fully loaded
[2025-01-14T01:05:14.012Z] Explore page loaded
[2025-01-14T01:05:14.015Z] Searching for trending topics...
[2025-01-14T01:05:14.017Z] Trying selector: [data-testid="trend"]
[2025-01-14T01:05:24.100Z] Selector [data-testid="trend"] failed
[2025-01-14T01:05:24.100Z] ERROR: TimeoutError: Waiting for at least one element to be located By(css selector, [data-testid="trend"])
Wait timed out after 10042ms
    at C:\Users\immo\OneDrive\Desktop\Project\x-trends\node_modules\selenium-webdriver\lib\webdriver.js:928:22
    at process.processTicksAndRejections (node:internal/process/task_queues:95:5)
[2025-01-14T01:05:24.118Z] Trying selector: [data-testid="trending"]
[2025-01-14T01:05:34.146Z] Selector [data-testid="trending"] failed
[2025-01-14T01:05:34.146Z] ERROR: TimeoutError: Waiting for at least one element to be located By(css selector, [data-testid="trending"])
Wait timed out after 10026ms
    at C:\Users\immo\OneDrive\Desktop\Project\x-trends\node_modules\selenium-webdriver\lib\webdriver.js:928:22
    at process.processTicksAndRejections (node:internal/process/task_queues:95:5)
[2025-01-14T01:05:34.151Z] Trying selector: article[role="article"]
[2025-01-14T01:05:44.172Z] Selector article[role="article"] failed
[2025-01-14T01:05:44.172Z] ERROR: TimeoutError: Waiting for at least one element to be located By(css selector, article[role="article"])
Wait timed out after 10020ms
    at C:\Users\immo\OneDrive\Desktop\Project\x-trends\node_modules\selenium-webdriver\lib\webdriver.js:928:22
    at process.processTicksAndRejections (node:internal/process/task_queues:95:5)
[2025-01-14T01:05:44.175Z] Trying selector: [data-testid="cellInnerDiv"]
[2025-01-14T01:05:54.237Z] Selector [data-testid="cellInnerDiv"] failed
[2025-01-14T01:05:54.237Z] ERROR: TimeoutError: Waiting for at least one element to be located By(css selector, [data-testid="cellInnerDiv"])
Wait timed out after 10061ms
    at C:\Users\immo\OneDrive\Desktop\Project\x-trends\node_modules\selenium-webdriver\lib\webdriver.js:928:22
    at process.processTicksAndRejections (node:internal/process/task_queues:95:5)
[2025-01-14T01:05:54.241Z] Fatal error in scraper
[2025-01-14T01:05:54.241Z] ERROR: Error: Could not find trending topics with any selector
    at scrapeTrends (C:\Users\immo\OneDrive\Desktop\Project\x-trends\scraper.js:205:19)
    at async C:\Users\immo\OneDrive\Desktop\Project\x-trends\server.js:49:27
[2025-01-14T01:05:54.468Z] Error screenshot saved as error-screenshot-1736816754465.png
[2025-01-14T01:05:54.536Z] Error page source saved as error-page-1736816754529.html
[2025-01-14T01:05:54.547Z] Closing browser...
[2025-01-14T01:05:54.709Z] Browser closed successfully
[2025-01-14T01:24:03.715Z] Starting scraper...
[2025-01-14T01:24:05.864Z] Initializing Chrome...
[2025-01-14T01:24:07.632Z] Chrome initialized successfully
[2025-01-14T01:24:07.634Z] Adding stealth scripts...
[2025-01-14T01:24:07.704Z] Navigating to Twitter login page...
[2025-01-14T01:24:26.129Z] Waiting for page load completion...
[2025-01-14T01:24:26.143Z] Page fully loaded
[2025-01-14T01:24:29.147Z] Login page loaded
[2025-01-14T01:24:29.150Z] Attempting to find username field...
[2025-01-14T01:24:29.181Z] Username field found
[2025-01-14T01:24:29.182Z] Entering username...
[2025-01-14T01:24:30.489Z] Looking for Next button...
[2025-01-14T01:24:32.951Z] Clicked Next button
[2025-01-14T01:24:32.953Z] Looking for password field...
[2025-01-14T01:24:32.970Z] Password field found
[2025-01-14T01:24:32.972Z] Entering password...
[2025-01-14T01:24:34.144Z] Looking for Login button...
[2025-01-14T01:24:39.303Z] Clicked Login button
[2025-01-14T01:24:39.305Z] Navigating to home page...
[2025-01-14T01:24:57.360Z] Waiting for page load completion...
[2025-01-14T01:24:57.527Z] Page fully loaded
[2025-01-14T01:25:02.539Z] Home page loaded
[2025-01-14T01:25:02.542Z] Searching for trending section...
[2025-01-14T01:25:02.570Z] Found "Trending now" heading
[2025-01-14T01:25:03.460Z] Found 5 trending items in the "Trending now" section
[2025-01-14T01:25:03.529Z] Trend #1: Khloé in Wonder Land
LIVE
[2025-01-14T01:25:03.575Z] Trend #2: Trending in India
#SpreadingSmile
[2025-01-14T01:25:03.619Z] Trend #3: Sports · Trending
#WWERaw
28.4K posts
[2025-01-14T01:25:03.668Z] Trend #4: Trending in India
#sonamargtunnel
2,296 posts
[2025-01-14T01:25:03.704Z] Trend #5: Entertainment · Trending
#AjithKumarRacing
213K posts
[2025-01-14T01:25:03.706Z] Scraping completed successfully
[2025-01-14T01:25:03.710Z] Returning data:
[2025-01-14T01:25:03.710Z] ERROR: undefined
[2025-01-14T01:25:03.724Z] Closing browser...
[2025-01-14T01:25:03.899Z] Browser closed successfully
[2025-01-14T01:27:19.331Z] Starting scraper...
[2025-01-14T01:27:21.766Z] Initializing Chrome...
[2025-01-14T01:27:22.627Z] Chrome initialized successfully
[2025-01-14T01:27:22.629Z] Adding stealth scripts...
[2025-01-14T01:27:22.690Z] Navigating to Twitter login page...
[2025-01-14T01:27:36.467Z] Waiting for page load completion...
[2025-01-14T01:27:36.483Z] Page fully loaded
[2025-01-14T01:27:39.506Z] Login page loaded
[2025-01-14T01:27:39.508Z] Attempting to find username field...
[2025-01-14T01:27:39.563Z] Username field found
[2025-01-14T01:27:39.565Z] Entering username...
[2025-01-14T01:27:40.869Z] Looking for Next button...
[2025-01-14T01:27:43.209Z] Clicked Next button
[2025-01-14T01:27:43.211Z] Looking for password field...
[2025-01-14T01:27:43.237Z] Password field found
[2025-01-14T01:27:43.238Z] Entering password...
[2025-01-14T01:27:44.476Z] Looking for Login button...
[2025-01-14T01:27:49.651Z] Clicked Login button
[2025-01-14T01:27:49.653Z] Navigating to home page...
[2025-01-14T01:28:06.699Z] Waiting for page load completion...
[2025-01-14T01:28:06.851Z] Page fully loaded
[2025-01-14T01:28:11.864Z] Home page loaded
[2025-01-14T01:28:11.866Z] Searching for trending section...
[2025-01-14T01:28:11.922Z] Found "Trending now" heading
[2025-01-14T01:28:11.978Z] Found 5 trending items in the "Trending now" section
[2025-01-14T01:28:12.015Z] Trend #1: Khloé in Wonder Land
LIVE
[2025-01-14T01:28:12.046Z] Trend #2: Entertainment · Trending
#AjithKumarRacing
214K posts
[2025-01-14T01:28:12.074Z] Trend #3: Trending in India
#sonamargtunnel
2,298 posts
[2025-01-14T01:28:12.099Z] Trend #4: Trending in India
#SpreadingSmile
[2025-01-14T01:28:12.126Z] Trend #5: Entertainment · Trending
#Jailer2
22.5K posts
[2025-01-14T01:28:12.128Z] Scraping completed successfully
[2025-01-14T01:28:12.129Z] Returning data:
[2025-01-14T01:28:12.129Z] ERROR: undefined
[2025-01-14T01:28:12.133Z] Closing browser...
[2025-01-14T01:28:12.263Z] Browser closed successfully
[2025-01-14T01:31:41.067Z] Starting scraper...
[2025-01-14T01:31:42.211Z] Initializing Chrome...
[2025-01-14T01:31:43.391Z] Chrome initialized successfully
[2025-01-14T01:31:43.394Z] Adding stealth scripts...
[2025-01-14T01:31:43.451Z] Navigating to Twitter login page...
[2025-01-14T01:31:57.848Z] Waiting for page load completion...
[2025-01-14T01:31:57.862Z] Page fully loaded
[2025-01-14T01:32:00.873Z] Login page loaded
[2025-01-14T01:32:00.875Z] Attempting to find username field...
[2025-01-14T01:32:00.925Z] Username field found
[2025-01-14T01:32:00.928Z] Entering username...
[2025-01-14T01:32:02.339Z] Looking for Next button...
[2025-01-14T01:32:04.851Z] Clicked Next button
[2025-01-14T01:32:04.854Z] Looking for password field...
[2025-01-14T01:32:04.881Z] Password field found
[2025-01-14T01:32:04.884Z] Entering password...
[2025-01-14T01:32:06.125Z] Looking for Login button...
[2025-01-14T01:32:11.316Z] Clicked Login button
[2025-01-14T01:32:11.319Z] Navigating to home page...
[2025-01-14T01:32:22.586Z] Waiting for page load completion...
[2025-01-14T01:32:23.090Z] Page fully loaded
[2025-01-14T01:32:28.099Z] Home page loaded
[2025-01-14T01:32:28.102Z] Searching for trending section...
[2025-01-14T01:32:28.143Z] Found "Trending now" heading
[2025-01-14T01:32:28.227Z] Found 5 trending items in the "Trending now" section
[2025-01-14T01:32:28.276Z] Trend #1: Khloé in Wonder Land
LIVE
[2025-01-14T01:32:28.312Z] Trend #2: Entertainment · Trending
#AjithKumarRacing
214K posts
[2025-01-14T01:32:28.343Z] Trend #3: Sports · Trending
#WWERaw
34.3K posts
[2025-01-14T01:32:28.374Z] Trend #4: Sports · Trending
CM Punk
10.5K posts
[2025-01-14T01:32:28.406Z] Trend #5: Trending in India
#SpreadingSmile
[2025-01-14T01:32:28.408Z] Scraping completed successfully
[2025-01-14T01:32:28.410Z] Returning data:
[2025-01-14T01:32:28.410Z] ERROR: undefined
[2025-01-14T01:32:28.415Z] Closing browser...
[2025-01-14T01:32:28.567Z] Browser closed successfully
[2025-01-14T01:33:11.117Z] Starting scraper...
[2025-01-14T01:33:12.336Z] Initializing Chrome...
[2025-01-14T01:33:13.603Z] Chrome initialized successfully
[2025-01-14T01:33:13.605Z] Adding stealth scripts...
[2025-01-14T01:33:13.669Z] Navigating to Twitter login page...
[2025-01-14T01:33:25.105Z] Waiting for page load completion...
[2025-01-14T01:33:25.126Z] Page fully loaded
[2025-01-14T01:33:28.133Z] Login page loaded
[2025-01-14T01:33:28.136Z] Attempting to find username field...
[2025-01-14T01:33:28.171Z] Username field found
[2025-01-14T01:33:28.173Z] Entering username...
[2025-01-14T01:33:29.496Z] Looking for Next button...
[2025-01-14T01:33:31.910Z] Clicked Next button
[2025-01-14T01:33:31.913Z] Looking for password field...
[2025-01-14T01:33:31.947Z] Password field found
[2025-01-14T01:33:31.953Z] Entering password...
[2025-01-14T01:33:33.211Z] Looking for Login button...
[2025-01-14T01:33:38.379Z] Clicked Login button
[2025-01-14T01:33:38.382Z] Navigating to home page...
[2025-01-14T01:33:45.876Z] Waiting for page load completion...
[2025-01-14T01:33:46.427Z] Page fully loaded
[2025-01-14T01:33:51.431Z] Home page loaded
[2025-01-14T01:33:51.434Z] Searching for trending section...
[2025-01-14T01:33:51.463Z] Found "Trending now" heading
[2025-01-14T01:33:51.536Z] Found 5 trending items in the "Trending now" section
[2025-01-14T01:33:51.582Z] Trend #1: Khloé in Wonder Land
LIVE
[2025-01-14T01:33:51.620Z] Trend #2: Sports · Trending
#WWERaw
36.1K posts
[2025-01-14T01:33:51.649Z] Trend #3: Entertainment · Trending
#AjithKumarRacing
214K posts
[2025-01-14T01:33:51.684Z] Trend #4: Trending in India
#SpreadingSmile
1,109 posts
[2025-01-14T01:33:51.713Z] Trend #5: Business & finance · Trending
#niftycrash
10.3K posts
[2025-01-14T01:33:51.715Z] Scraping completed successfully
[2025-01-14T01:33:51.717Z] Returning data:
[2025-01-14T01:33:51.717Z] ERROR: undefined
[2025-01-14T01:33:51.722Z] Closing browser...
[2025-01-14T01:33:51.890Z] Browser closed successfully
[2025-01-14T01:41:25.778Z] Starting scraper...
[2025-01-14T01:41:25.788Z] Selected proxy endpoint: us-wa.proxymesh.com:31280
[2025-01-14T01:41:25.790Z] Configuring ProxyMesh...
[2025-01-14T01:41:25.792Z] Initializing Chrome with ProxyMesh...
[2025-01-14T01:42:08.717Z] Starting scraper...
[2025-01-14T01:42:09.907Z] Initializing Chrome...
[2025-01-14T01:42:10.901Z] Chrome initialized successfully
[2025-01-14T01:42:10.903Z] Adding stealth scripts...
[2025-01-14T01:42:10.957Z] Navigating to Twitter login page...
[2025-01-14T01:42:23.561Z] Waiting for page load completion...
[2025-01-14T01:42:23.577Z] Page fully loaded
[2025-01-14T01:42:26.587Z] Login page loaded
[2025-01-14T01:42:26.589Z] Attempting to find username field...
[2025-01-14T01:42:26.625Z] Username field found
[2025-01-14T01:42:26.627Z] Entering username...
[2025-01-14T01:42:27.959Z] Looking for Next button...
[2025-01-14T01:42:30.399Z] Clicked Next button
[2025-01-14T01:42:30.401Z] Looking for password field...
[2025-01-14T01:42:30.456Z] Password field found
[2025-01-14T01:42:30.458Z] Entering password...
[2025-01-14T01:42:31.689Z] Looking for Login button...
[2025-01-14T01:42:36.858Z] Clicked Login button
[2025-01-14T01:42:36.860Z] Navigating to home page...
[2025-01-14T01:42:55.367Z] Waiting for page load completion...
[2025-01-14T01:42:55.516Z] Page fully loaded
[2025-01-14T01:43:00.520Z] Home page loaded
[2025-01-14T01:43:00.523Z] Searching for trending section...
[2025-01-14T01:43:00.553Z] Found "Trending now" heading
[2025-01-14T01:43:00.629Z] Found 5 trending items in the "Trending now" section
[2025-01-14T01:43:00.676Z] Trend #1: Khloé in Wonder Land
LIVE
[2025-01-14T01:43:00.709Z] Trend #2: Sports · Trending
#WWERaw
40.9K posts
[2025-01-14T01:43:00.743Z] Trend #3: Trending in India
#SpreadingSmile
2,485 posts
[2025-01-14T01:43:00.773Z] Trend #4: Entertainment · Trending
#AjithKumarRacing
214K posts
[2025-01-14T01:43:00.804Z] Trend #5: Trending in India
#DaakuMaharaaj
104K posts
[2025-01-14T01:43:00.806Z] Scraping completed successfully
[2025-01-14T01:43:00.808Z] Returning data:
[2025-01-14T01:43:00.808Z] ERROR: undefined
[2025-01-14T01:43:00.822Z] Closing browser...
[2025-01-14T01:43:00.997Z] Browser closed successfully
[2025-01-14T01:44:16.593Z] Starting scraper...
[2025-01-14T01:44:16.597Z] Selected proxy endpoint: us-ny.proxymesh.com:31280
[2025-01-14T01:44:16.599Z] Configuring ProxyMesh...
[2025-01-14T01:44:16.600Z] Initializing Chrome with ProxyMesh...
[2025-01-14T01:46:27.445Z] Starting scraper...
[2025-01-14T01:46:27.455Z] Selected proxy endpoint: us-ny.proxymesh.com:31280
[2025-01-14T01:46:27.457Z] Configuring ProxyMesh...
[2025-01-14T01:46:27.459Z] Initializing Chrome with ProxyMesh...
[2025-01-14T01:46:28.389Z] Chrome initialized successfully
[2025-01-14T01:46:28.392Z] Adding stealth scripts...
[2025-01-14T01:46:29.576Z] Connected through proxy IP: 152.58.152.24
[2025-01-14T01:46:29.583Z] Navigating to Twitter login page...
[2025-01-14T01:46:39.658Z] Waiting for page load completion...
[2025-01-14T01:46:39.678Z] Page fully loaded
[2025-01-14T01:46:42.683Z] Login page loaded
[2025-01-14T01:46:42.685Z] Attempting to find username field...
[2025-01-14T01:46:42.737Z] Username field found
[2025-01-14T01:46:42.741Z] Entering username...
[2025-01-14T01:46:44.092Z] Looking for Next button...
[2025-01-14T01:46:46.460Z] Clicked Next button
[2025-01-14T01:46:46.463Z] Looking for password field...
[2025-01-14T01:46:46.493Z] Password field found
[2025-01-14T01:46:46.497Z] Entering password...
[2025-01-14T01:46:47.774Z] Looking for Login button...
[2025-01-14T01:46:52.986Z] Clicked Login button
[2025-01-14T01:46:52.989Z] Navigating to home page...
[2025-01-14T01:46:59.845Z] Waiting for page load completion...
[2025-01-14T01:47:00.377Z] Page fully loaded
[2025-01-14T01:47:05.391Z] Home page loaded
[2025-01-14T01:47:05.394Z] Searching for trending section...
[2025-01-14T01:47:05.422Z] Found "Trending now" heading
[2025-01-14T01:47:05.495Z] Found 5 trending items in the "Trending now" section
[2025-01-14T01:47:05.545Z] Trend #1: Khloé in Wonder Land
LIVE
[2025-01-14T01:47:05.582Z] Trend #2: Sports · Trending
#WWERaw
45.9K posts
[2025-01-14T01:47:05.619Z] Trend #3: Trending in India
#SpreadingSmile
3,753 posts
[2025-01-14T01:47:05.675Z] Trend #4: Events · Trending
Gyan Ganga
2,677 posts
[2025-01-14T01:47:05.706Z] Trend #5: Sports · Trending
Penta
37.5K posts
[2025-01-14T01:47:05.708Z] Scraping completed successfully
[2025-01-14T01:47:05.710Z] Returning data:
[2025-01-14T01:47:05.710Z] ERROR: undefined
[2025-01-14T01:47:05.762Z] Closing browser...
[2025-01-14T01:47:05.958Z] Browser closed successfully
[2025-01-14T01:47:17.684Z] Starting scraper...
[2025-01-14T01:47:17.686Z] Selected proxy endpoint: us-ny.proxymesh.com:31280
[2025-01-14T01:47:17.688Z] Configuring ProxyMesh...
[2025-01-14T01:47:17.690Z] Initializing Chrome with ProxyMesh...
[2025-01-14T01:47:18.642Z] Chrome initialized successfully
[2025-01-14T01:47:18.644Z] Adding stealth scripts...
[2025-01-14T01:47:20.256Z] Connected through proxy IP: 152.58.152.24
[2025-01-14T01:47:20.260Z] Navigating to Twitter login page...
[2025-01-14T01:47:29.839Z] Waiting for page load completion...
[2025-01-14T01:47:29.857Z] Page fully loaded
[2025-01-14T01:47:32.866Z] Login page loaded
[2025-01-14T01:47:32.868Z] Attempting to find username field...
[2025-01-14T01:47:32.898Z] Username field found
[2025-01-14T01:47:32.900Z] Entering username...
[2025-01-14T01:47:34.175Z] Looking for Next button...
[2025-01-14T01:47:36.557Z] Clicked Next button
[2025-01-14T01:47:36.560Z] Looking for password field...
[2025-01-14T01:47:36.606Z] Password field found
[2025-01-14T01:47:36.608Z] Entering password...
[2025-01-14T01:47:37.867Z] Looking for Login button...
[2025-01-14T01:47:43.044Z] Clicked Login button
[2025-01-14T01:47:43.046Z] Navigating to home page...
[2025-01-14T01:47:53.316Z] Waiting for page load completion...
[2025-01-14T01:47:53.870Z] Page fully loaded
[2025-01-14T01:47:58.876Z] Home page loaded
[2025-01-14T01:47:58.879Z] Searching for trending section...
[2025-01-14T01:47:58.908Z] Found "Trending now" heading
[2025-01-14T01:47:59.004Z] Found 5 trending items in the "Trending now" section
[2025-01-14T01:47:59.074Z] Trend #1: Khloé in Wonder Land
LIVE
[2025-01-14T01:47:59.104Z] Trend #2: Sports · Trending
#WWERaw
45.9K posts
[2025-01-14T01:47:59.143Z] Trend #3: Entertainment · Trending
#AjithKumarRacing
215K posts
[2025-01-14T01:47:59.171Z] Trend #4: Events · Trending
Gyan Ganga
3,676 posts
[2025-01-14T01:47:59.201Z] Trend #5: Trending in India
#SpreadingSmile
3,753 posts
[2025-01-14T01:47:59.204Z] Scraping completed successfully
[2025-01-14T01:47:59.207Z] Returning data:
[2025-01-14T01:47:59.207Z] ERROR: undefined
[2025-01-14T01:47:59.211Z] Closing browser...
[2025-01-14T01:47:59.335Z] Browser closed successfully
[2025-01-14T01:52:36.630Z] Starting scraper...
[2025-01-14T01:52:36.674Z] Selected proxy endpoint: us-il.proxymesh.com:31280
[2025-01-14T01:52:36.678Z] Configuring ProxyMesh...
[2025-01-14T01:52:36.682Z] Initializing Chrome with ProxyMesh...
[2025-01-14T01:52:37.681Z] Chrome initialized successfully
[2025-01-14T01:52:37.685Z] Adding stealth scripts...
[2025-01-14T01:52:40.351Z] Connected through proxy IP: 152.58.152.24
[2025-01-14T01:52:40.354Z] Navigating to Twitter login page...
[2025-01-14T01:53:06.187Z] Waiting for page load completion...
[2025-01-14T01:53:06.204Z] Page fully loaded
[2025-01-14T01:53:09.215Z] Login page loaded
[2025-01-14T01:53:09.217Z] Attempting to find username field...
[2025-01-14T01:53:09.637Z] Username field found
[2025-01-14T01:53:09.640Z] Entering username...
[2025-01-14T01:53:11.006Z] Looking for Next button...
[2025-01-14T01:53:13.765Z] Clicked Next button
[2025-01-14T01:53:13.767Z] Looking for password field...
[2025-01-14T01:53:15.075Z] Password field found
[2025-01-14T01:53:15.078Z] Entering password...
[2025-01-14T01:53:16.339Z] Looking for Login button...
[2025-01-14T01:53:21.539Z] Clicked Login button
[2025-01-14T01:53:21.542Z] Navigating to home page...
[2025-01-14T01:53:31.310Z] Waiting for page load completion...
[2025-01-14T01:53:31.892Z] Page fully loaded
[2025-01-14T01:53:36.907Z] Home page loaded
[2025-01-14T01:53:36.910Z] Searching for trending section...
[2025-01-14T01:53:36.945Z] Found "Trending now" heading
[2025-01-14T01:53:37.010Z] Found 5 trending items in the "Trending now" section
[2025-01-14T01:53:37.089Z] Trend #1: Khloé in Wonder Land
LIVE
[2025-01-14T01:53:37.116Z] Trend #2: Sports · Trending
#WWERaw
51.9K posts
[2025-01-14T01:53:37.150Z] Trend #3: Trending in India
Gyan Ganga
5,859 posts
[2025-01-14T01:53:37.188Z] Trend #4: Trending in India
#SpreadingSmile
4,613 posts
[2025-01-14T01:53:37.221Z] Trend #5: Trending in India
Smile On Innocent Faces
1,383 posts
[2025-01-14T01:53:37.224Z] Scraping completed successfully
[2025-01-14T01:53:37.226Z] Returning data:
[2025-01-14T01:53:37.226Z] ERROR: undefined
[2025-01-14T01:53:37.232Z] Closing browser...
[2025-01-14T01:53:37.376Z] Browser closed successfully
[2025-01-14T01:55:59.775Z] Starting scraper...
[2025-01-14T01:55:59.778Z] Selected proxy endpoint: us-ny.proxymesh.com:31280
[2025-01-14T01:55:59.779Z] Configuring ProxyMesh...
[2025-01-14T01:55:59.781Z] Initializing Chrome with ProxyMesh...
[2025-01-14T01:56:00.724Z] Chrome initialized successfully
[2025-01-14T01:56:00.727Z] Adding stealth scripts...
[2025-01-14T01:56:01.973Z] Connected through proxy IP: 152.58.152.24
[2025-01-14T01:56:01.977Z] Navigating to Twitter login page...
[2025-01-14T01:56:12.741Z] Waiting for page load completion...
[2025-01-14T01:56:12.760Z] Page fully loaded
[2025-01-14T01:56:15.777Z] Login page loaded
[2025-01-14T01:56:15.780Z] Attempting to find username field...
[2025-01-14T01:56:15.822Z] Username field found
[2025-01-14T01:56:15.824Z] Entering username...
[2025-01-14T01:56:17.236Z] Looking for Next button...
[2025-01-14T01:56:19.892Z] Clicked Next button
[2025-01-14T01:56:19.894Z] Looking for password field...
[2025-01-14T01:56:19.922Z] Password field found
[2025-01-14T01:56:19.924Z] Entering password...
[2025-01-14T01:56:21.188Z] Looking for Login button...
[2025-01-14T01:56:26.409Z] Clicked Login button
[2025-01-14T01:56:26.414Z] Navigating to home page...
[2025-01-14T01:56:41.646Z] Waiting for page load completion...
[2025-01-14T01:56:42.249Z] Page fully loaded
[2025-01-14T01:56:47.259Z] Home page loaded
[2025-01-14T01:56:47.262Z] Searching for trending section...
[2025-01-14T01:56:47.316Z] Found "Trending now" heading
[2025-01-14T01:56:47.404Z] Found 5 trending items in the "Trending now" section
[2025-01-14T01:56:47.451Z] Trend #1: Khloé in Wonder Land
LIVE
[2025-01-14T01:56:47.500Z] Trend #2: Events · Trending
Gyan Ganga
6,997 posts
[2025-01-14T01:56:47.540Z] Trend #3: Trending in India
#SpreadingSmile
4,968 posts
[2025-01-14T01:56:47.585Z] Trend #4: Sports · Trending
#WWERaw
54.3K posts
[2025-01-14T01:56:47.630Z] Trend #5: Trending in India
#DaakuMaharaaj
104K posts
[2025-01-14T01:56:47.634Z] Scraping completed successfully
[2025-01-14T01:56:47.638Z] Returning data:
[2025-01-14T01:56:47.638Z] ERROR: undefined
[2025-01-14T01:56:47.647Z] Closing browser...
[2025-01-14T01:56:47.780Z] Browser closed successfully
[2025-01-14T01:59:51.154Z] Starting scraper...
[2025-01-14T01:59:51.177Z] Selected proxy endpoint: us-ny.proxymesh.com:31280
[2025-01-14T01:59:51.181Z] Configuring ProxyMesh...
[2025-01-14T01:59:51.184Z] Initializing Chrome with ProxyMesh...
[2025-01-14T01:59:53.435Z] Chrome initialized successfully
[2025-01-14T01:59:53.437Z] Adding stealth scripts...
[2025-01-14T01:59:55.070Z] Connected through proxy IP: 152.58.152.24
[2025-01-14T01:59:55.074Z] Navigating to Twitter login page...
[2025-01-14T02:00:05.347Z] Waiting for page load completion...
[2025-01-14T02:00:05.364Z] Page fully loaded
[2025-01-14T02:00:08.367Z] Login page loaded
[2025-01-14T02:00:08.370Z] Attempting to find username field...
[2025-01-14T02:00:08.398Z] Username field found
[2025-01-14T02:00:08.400Z] Entering username...
[2025-01-14T02:00:09.697Z] Looking for Next button...
[2025-01-14T02:00:12.381Z] Clicked Next button
[2025-01-14T02:00:12.384Z] Looking for password field...
[2025-01-14T02:00:12.409Z] Password field found
[2025-01-14T02:00:12.426Z] Entering password...
[2025-01-14T02:00:13.671Z] Looking for Login button...
[2025-01-14T02:00:18.844Z] Clicked Login button
[2025-01-14T02:00:18.847Z] Navigating to home page...
[2025-01-14T02:00:27.770Z] Waiting for page load completion...
[2025-01-14T02:00:28.362Z] Page fully loaded
[2025-01-14T02:00:33.365Z] Home page loaded
[2025-01-14T02:00:33.368Z] Searching for trending section...
[2025-01-14T02:00:33.395Z] Found "Trending now" heading
[2025-01-14T02:00:33.463Z] Found 5 trending items in the "Trending now" section
[2025-01-14T02:00:33.516Z] Trend #1: Khloé in Wonder Land
LIVE
[2025-01-14T02:00:33.546Z] Trend #2: Events · Trending
Gyan Ganga
8,284 posts
[2025-01-14T02:00:33.576Z] Trend #3: Events · Trending
#makarsankranti2025
5,023 posts
[2025-01-14T02:00:33.617Z] Trend #4: Sports · Trending
Yograj Singh
11.4K posts
[2025-01-14T02:00:33.649Z] Trend #5: Trending in India
Order FREE
11.1K posts
[2025-01-14T02:00:33.651Z] Scraping completed successfully
[2025-01-14T02:00:33.652Z] Returning data:
[2025-01-14T02:00:33.652Z] ERROR: undefined
[2025-01-14T02:00:33.657Z] Closing browser...
[2025-01-14T02:00:33.805Z] Browser closed successfully
[2025-01-14T02:17:31.340Z] Starting scraper...
[2025-01-14T02:17:31.355Z] Selected proxy endpoint: us-ca.proxymesh.com:31280
[2025-01-14T02:17:31.358Z] Configuring ProxyMesh...
[2025-01-14T02:17:31.360Z] Initializing Chrome with ProxyMesh...
[2025-01-14T02:17:32.892Z] Chrome initialized successfully
[2025-01-14T02:17:32.896Z] Adding stealth scripts...
[2025-01-14T02:17:33.884Z] Connected through proxy IP: 152.58.152.24
[2025-01-14T02:17:33.929Z] Navigating to Twitter login page...
[2025-01-14T02:17:48.035Z] Waiting for page load completion...
[2025-01-14T02:17:48.064Z] Page fully loaded
[2025-01-14T02:17:51.072Z] Login page loaded
[2025-01-14T02:17:51.075Z] Attempting to find username field...
[2025-01-14T02:17:51.119Z] Username field found
[2025-01-14T02:17:51.121Z] Entering username...
[2025-01-14T02:17:52.472Z] Looking for Next button...
[2025-01-14T02:17:55.055Z] Clicked Next button
[2025-01-14T02:17:55.057Z] Looking for password field...
[2025-01-14T02:17:55.084Z] Password field found
[2025-01-14T02:17:55.086Z] Entering password...
[2025-01-14T02:17:56.308Z] Looking for Login button...
[2025-01-14T02:18:01.459Z] Clicked Login button
[2025-01-14T02:18:01.461Z] Navigating to home page...
[2025-01-14T02:18:16.686Z] Waiting for page load completion...
[2025-01-14T02:18:17.235Z] Page fully loaded
[2025-01-14T02:18:22.251Z] Home page loaded
[2025-01-14T02:18:22.253Z] Searching for trending section...
[2025-01-14T02:18:22.302Z] Found "Trending now" heading
[2025-01-14T02:18:22.376Z] Found 5 trending items in the "Trending now" section
[2025-01-14T02:18:22.462Z] Trend #1: Khloé in Wonder Land
LIVE
[2025-01-14T02:18:22.498Z] Trend #2: Trending in India
Order FREE
16.7K posts
[2025-01-14T02:18:22.539Z] Trend #3: Trending in India
#DaakuMaharaaj
99.8K posts
[2025-01-14T02:18:22.571Z] Trend #4: Trending in India
#zelena
380K posts
[2025-01-14T02:18:22.606Z] Trend #5: News · Trending
#Tsunami
3,711 posts
[2025-01-14T02:18:22.609Z] Scraping completed successfully
[2025-01-14T02:18:22.612Z] Returning data:
[2025-01-14T02:18:22.612Z] ERROR: undefined
[2025-01-14T02:18:22.618Z] Closing browser...
[2025-01-14T02:18:22.745Z] Browser closed successfully
[2025-01-14T02:19:51.438Z] Starting scraper...
[2025-01-14T02:19:51.441Z] Selected proxy endpoint: us-ca.proxymesh.com:31280
[2025-01-14T02:19:51.444Z] Configuring ProxyMesh...
[2025-01-14T02:19:51.446Z] Initializing Chrome with ProxyMesh...
[2025-01-14T02:19:52.685Z] Chrome initialized successfully
[2025-01-14T02:19:52.687Z] Adding stealth scripts...
[2025-01-14T02:19:54.006Z] Connected through proxy IP: 152.58.152.24
[2025-01-14T02:19:54.041Z] Navigating to Twitter login page...
[2025-01-14T02:20:04.423Z] Waiting for page load completion...
[2025-01-14T02:20:04.449Z] Page fully loaded
[2025-01-14T02:20:07.455Z] Login page loaded
[2025-01-14T02:20:07.457Z] Attempting to find username field...
[2025-01-14T02:20:07.533Z] Username field found
[2025-01-14T02:20:07.535Z] Entering username...
[2025-01-14T02:20:08.905Z] Looking for Next button...
[2025-01-14T02:20:11.423Z] Clicked Next button
[2025-01-14T02:20:11.425Z] Looking for password field...
[2025-01-14T02:20:11.450Z] Password field found
[2025-01-14T02:20:11.453Z] Entering password...
[2025-01-14T02:20:12.720Z] Looking for Login button...
[2025-01-14T02:20:17.892Z] Clicked Login button
[2025-01-14T02:20:17.894Z] Navigating to home page...
[2025-01-14T02:20:20.178Z] Waiting for page load completion...
[2025-01-14T02:20:20.711Z] Page fully loaded
[2025-01-14T02:20:25.714Z] Home page loaded
[2025-01-14T02:20:25.716Z] Searching for trending section...
[2025-01-14T02:20:25.754Z] Found "Trending now" heading
[2025-01-14T02:20:25.823Z] Found 5 trending items in the "Trending now" section
[2025-01-14T02:20:25.873Z] Trend #1: Khloé in Wonder Land
LIVE
[2025-01-14T02:20:25.908Z] Trend #2: Trending in India
#महाकुंभ_2025_प्रयागराज
19.2K posts
[2025-01-14T02:20:25.946Z] Trend #3: Trending in India
#DaakuMaharaaj
99.9K posts
[2025-01-14T02:20:25.976Z] Trend #4: Trending in India
#இன்பம்_பொங்கும்_தமிழ்நாடு
1,485 posts
[2025-01-14T02:20:26.008Z] Trend #5: Trending in India
#Jailer2
22.8K posts
[2025-01-14T02:20:26.011Z] Scraping completed successfully
[2025-01-14T02:20:26.014Z] Returning data:
[2025-01-14T02:20:26.014Z] ERROR: undefined
[2025-01-14T02:20:26.021Z] Closing browser...
[2025-01-14T02:20:26.171Z] Browser closed successfully
[2025-01-14T02:20:34.553Z] Starting scraper...
[2025-01-14T02:20:34.556Z] Selected proxy endpoint: us-ny.proxymesh.com:31280
[2025-01-14T02:20:34.558Z] Configuring ProxyMesh...
[2025-01-14T02:20:34.560Z] Initializing Chrome with ProxyMesh...
[2025-01-14T02:20:35.709Z] Chrome initialized successfully
[2025-01-14T02:20:35.712Z] Adding stealth scripts...
[2025-01-14T02:20:37.218Z] Connected through proxy IP: 152.58.152.24
[2025-01-14T02:20:37.222Z] Navigating to Twitter login page...
[2025-01-14T02:20:48.570Z] Waiting for page load completion...
[2025-01-14T02:20:48.586Z] Page fully loaded
[2025-01-14T02:20:51.602Z] Login page loaded
[2025-01-14T02:20:51.605Z] Attempting to find username field...
[2025-01-14T02:20:51.645Z] Username field found
[2025-01-14T02:20:51.649Z] Entering username...
[2025-01-14T02:20:53.059Z] Looking for Next button...
[2025-01-14T02:20:55.670Z] Clicked Next button
[2025-01-14T02:20:55.673Z] Looking for password field...
[2025-01-14T02:20:55.704Z] Password field found
[2025-01-14T02:20:55.706Z] Entering password...
[2025-01-14T02:20:56.976Z] Looking for Login button...
[2025-01-14T02:21:02.169Z] Clicked Login button
[2025-01-14T02:21:02.172Z] Navigating to home page...
[2025-01-14T02:21:05.490Z] Waiting for page load completion...
[2025-01-14T02:21:05.653Z] Page fully loaded
[2025-01-14T02:21:10.666Z] Home page loaded
[2025-01-14T02:21:10.667Z] Searching for trending section...
[2025-01-14T02:21:10.683Z] Found "Trending now" heading
[2025-01-14T02:21:10.717Z] Found 5 trending items in the "Trending now" section
[2025-01-14T02:21:10.739Z] Trend #1: Khloé in Wonder Land
LIVE
[2025-01-14T02:21:10.755Z] Trend #2: Trending in India
#महाकुंभ_2025_प्रयागराज
19.2K posts
[2025-01-14T02:21:10.770Z] Trend #3: Trending in India
#DaakuMaharaaj
99.9K posts
[2025-01-14T02:21:10.788Z] Trend #4: Trending in India
#Jailer2
22.8K posts
[2025-01-14T02:21:10.805Z] Trend #5: Trending in India
#இன்பம்_பொங்கும்_தமிழ்நாடு
1,485 posts
[2025-01-14T02:21:10.807Z] Scraping completed successfully
[2025-01-14T02:21:10.808Z] Returning data:
[2025-01-14T02:21:10.808Z] ERROR: undefined
[2025-01-14T02:21:10.810Z] Closing browser...
[2025-01-14T02:21:10.991Z] Browser closed successfully
